<?xml version="1.0" encoding="UTF-8"?>
<beans xmlns="http://www.springframework.org/schema/beans"
       xmlns:xsi="http://www.w3.org/2001/XMLSchema-instance"
       xmlns:context="http://www.springframework.org/schema/context"
       xmlns:util="http://www.springframework.org/schema/util"
       xsi:schemaLocation="http://www.springframework.org/schema/beans http://www.springframework.org/schema/beans/spring-beans-4.1.xsd
          http://www.springframework.org/schema/context http://www.springframework.org/schema/context/spring-context-4.1.xsd
">
    

    <bean id="orderRepository" class="com.epam.rd.repositories.SimpleOrderRepository"/>
    
    <bean id="pizzaRepository" class="com.epam.rd.repositories.SimplePizzaRepository">
        <property name="pizzas">
            <list>
                <bean class="com.epam.rd.entities.Pizza">
                    <constructor-arg value="4Meat"/>
                    <constructor-arg value="10.5"/>
                    <constructor-arg type="com.epam.rd.entities.PizzaType" value="MEAT"/>
                </bean>
                <bean class="com.epam.rd.entities.Pizza">
                    <constructor-arg value="Bomba"/>
                    <constructor-arg value="15.35"/>
                    <constructor-arg type="com.epam.rd.entities.PizzaType" value="MEAT"/>
                </bean>
                <bean class="com.epam.rd.entities.Pizza">
                    <constructor-arg value="4Cheese"/>
                    <constructor-arg value="12.1"/>
                    <constructor-arg type="com.epam.rd.entities.PizzaType" value="VEGAN"/>
                </bean>
                <bean class="com.epam.rd.entities.Pizza">
                    <constructor-arg value="Margarita"/>
                    <constructor-arg value="14."/>
                    <constructor-arg type="com.epam.rd.entities.PizzaType" value="VEGAN"/>
                </bean>
            </list>
        </property>
    </bean>
    
</beans>
